<?xml version="1.0" encoding="UTF-8"?>
<!-- Generated by org.testng.reporters.JUnitXMLReporter -->
<testsuite ignored="0" hostname="DESKTOP-5LH8LL2" failures="0" tests="2" name="Parameter" time="0.096" errors="0" timestamp="2022-03-28T23:08:25 GMT-07:00">
  <testcase classname="testng.Parameter" name="@BeforeClass beforeClass" time="-1.648534105182E9">
    <failure type="org.testng.TestNGException" message="
Parameter &amp;apos;Browser&amp;apos; is required by BeforeClass on method beforeClass but has not been marked @Optional or defined
in C:\Users\Rc\eclipse-workspace\gaurav\parametertestng.xml">
      <![CDATA[org.testng.TestNGException: 
Parameter 'Browser' is required by BeforeClass on method beforeClass but has not been marked @Optional or defined
in C:\Users\Rc\eclipse-workspace\gaurav\parametertestng.xml
at java.base/java.util.ArrayList.forEach(ArrayList.java:1511)
... Removed 22 stack frames]]>
    </failure>
  </testcase> <!-- @BeforeClass beforeClass -->
  <testcase classname="testng.Parameter" name="geturl" time="0.0">
    <skipped/>
  </testcase> <!-- geturl -->
  <testcase classname="testng.Parameter" name="login" time="0.0">
    <skipped/>
  </testcase> <!-- login -->
</testsuite> <!-- Parameter -->
